<?xml version="1.0" encoding="UTF-8"?>
<coverage generated="1633603856228" clover="3.2.0">
  <project timestamp="1633603856228" name="All files">
    <metrics statements="15" coveredstatements="13" conditionals="4" coveredconditionals="4" methods="8" coveredmethods="6" elements="27" coveredelements="23" complexity="0" loc="15" ncloc="15" packages="1" files="3" classes="3"/>
    <file name="Message.js" path="/Users/dalenchan/Documents/Education/MDApprenticeship/W1/js-bootcamp-2021/session-9/jest-template-main/src/app/Message.js">
      <metrics statements="1" coveredstatements="1" conditionals="0" coveredconditionals="0" methods="1" coveredmethods="1"/>
      <line num="1" count="1" type="stmt"/>
    </file>
    <file name="calculator.js" path="/Users/dalenchan/Documents/Education/MDApprenticeship/W1/js-bootcamp-2021/session-9/jest-template-main/src/app/calculator.js">
      <metrics statements="10" coveredstatements="10" conditionals="4" coveredconditionals="4" methods="3" coveredmethods="3"/>
      <line num="2" count="1" type="stmt"/>
      <line num="3" count="2" type="stmt"/>
      <line num="5" count="2" type="stmt"/>
      <line num="6" count="8" type="cond" truecount="2" falsecount="0"/>
      <line num="7" count="6" type="stmt"/>
      <line num="11" count="2" type="stmt"/>
      <line num="14" count="1" type="stmt"/>
      <line num="15" count="2" type="cond" truecount="2" falsecount="0"/>
      <line num="16" count="1" type="stmt"/>
      <line num="19" count="1" type="stmt"/>
    </file>
    <file name="shoppingbasket.js" path="/Users/dalenchan/Documents/Education/MDApprenticeship/W1/js-bootcamp-2021/session-9/jest-template-main/src/app/shoppingbasket.js">
      <metrics statements="4" coveredstatements="2" conditionals="0" coveredconditionals="0" methods="4" coveredmethods="2"/>
      <line num="3" count="2" type="stmt"/>
      <line num="7" count="1" type="stmt"/>
      <line num="11" count="0" type="stmt"/>
      <line num="13" count="0" type="stmt"/>
    </file>
  </project>
</coverage>
