{"/Users/dalenchan/Documents/Education/MDApprenticeship/W1/js-bootcamp-2021/session-9/jest-template-main/src/app/Message.js": {"path":"/Users/dalenchan/Documents/Education/MDApprenticeship/W1/js-bootcamp-2021/session-9/jest-template-main/src/app/Message.js","statementMap":{"0":{"start":{"line":1,"column":26},"end":{"line":1,"column":39}},"1":{"start":{"line":1,"column":32},"end":{"line":1,"column":39}}},"fnMap":{"0":{"name":"(anonymous_0)","decl":{"start":{"line":1,"column":26},"end":{"line":1,"column":27}},"loc":{"start":{"line":1,"column":32},"end":{"line":1,"column":39}},"line":1}},"branchMap":{},"s":{"0":1,"1":1},"f":{"0":1},"b":{},"_coverageSchema":"1a1c01bbd47fc00a2c39e90264f33305004495a9","hash":"a562144e05597e01d3daaadd0c6484b8f3dadfdd"}
,"/Users/dalenchan/Documents/Education/MDApprenticeship/W1/js-bootcamp-2021/session-9/jest-template-main/src/app/calculator.js": {"path":"/Users/dalenchan/Documents/Education/MDApprenticeship/W1/js-bootcamp-2021/session-9/jest-template-main/src/app/calculator.js","statementMap":{"0":{"start":{"line":2,"column":29},"end":{"line":12,"column":3}},"1":{"start":{"line":3,"column":16},"end":{"line":3,"column":17}},"2":{"start":{"line":5,"column":4},"end":{"line":9,"column":7}},"3":{"start":{"line":6,"column":6},"end":{"line":8,"column":7}},"4":{"start":{"line":7,"column":8},"end":{"line":7,"column":22}},"5":{"start":{"line":11,"column":4},"end":{"line":11,"column":17}},"6":{"start":{"line":14,"column":24},"end":{"line":20,"column":1}},"7":{"start":{"line":15,"column":4},"end":{"line":17,"column":5}},"8":{"start":{"line":16,"column":8},"end":{"line":16,"column":48}},"9":{"start":{"line":19,"column":4},"end":{"line":19,"column":22}}},"fnMap":{"0":{"name":"(anonymous_0)","decl":{"start":{"line":2,"column":29},"end":{"line":2,"column":30}},"loc":{"start":{"line":2,"column":38},"end":{"line":12,"column":3}},"line":2},"1":{"name":"(anonymous_1)","decl":{"start":{"line":5,"column":16},"end":{"line":5,"column":17}},"loc":{"start":{"line":5,"column":32},"end":{"line":9,"column":5}},"line":5},"2":{"name":"(anonymous_2)","decl":{"start":{"line":14,"column":24},"end":{"line":14,"column":25}},"loc":{"start":{"line":14,"column":40},"end":{"line":20,"column":1}},"line":14}},"branchMap":{"0":{"loc":{"start":{"line":6,"column":6},"end":{"line":8,"column":7}},"type":"if","locations":[{"start":{"line":6,"column":6},"end":{"line":8,"column":7}},{"start":{"line":6,"column":6},"end":{"line":8,"column":7}}],"line":6},"1":{"loc":{"start":{"line":15,"column":4},"end":{"line":17,"column":5}},"type":"if","locations":[{"start":{"line":15,"column":4},"end":{"line":17,"column":5}},{"start":{"line":15,"column":4},"end":{"line":17,"column":5}}],"line":15}},"s":{"0":1,"1":2,"2":2,"3":8,"4":6,"5":2,"6":1,"7":2,"8":1,"9":1},"f":{"0":2,"1":8,"2":2},"b":{"0":[6,2],"1":[1,1]},"_coverageSchema":"1a1c01bbd47fc00a2c39e90264f33305004495a9","hash":"7356b9bc9749922874218493aeaad5068a0e209b"}
,"/Users/dalenchan/Documents/Education/MDApprenticeship/W1/js-bootcamp-2021/session-9/jest-template-main/src/app/shoppingbasket.js": {"path":"/Users/dalenchan/Documents/Education/MDApprenticeship/W1/js-bootcamp-2021/session-9/jest-template-main/src/app/shoppingbasket.js","statementMap":{"0":{"start":{"line":3,"column":8},"end":{"line":3,"column":24}},"1":{"start":{"line":7,"column":8},"end":{"line":7,"column":30}},"2":{"start":{"line":11,"column":26},"end":{"line":11,"column":41}},"3":{"start":{"line":13,"column":8},"end":{"line":13,"column":74}},"4":{"start":{"line":13,"column":53},"end":{"line":13,"column":72}}},"fnMap":{"0":{"name":"(anonymous_0)","decl":{"start":{"line":2,"column":4},"end":{"line":2,"column":5}},"loc":{"start":{"line":2,"column":18},"end":{"line":4,"column":5}},"line":2},"1":{"name":"(anonymous_1)","decl":{"start":{"line":6,"column":4},"end":{"line":6,"column":5}},"loc":{"start":{"line":6,"column":19},"end":{"line":8,"column":5}},"line":6},"2":{"name":"(anonymous_2)","decl":{"start":{"line":10,"column":4},"end":{"line":10,"column":5}},"loc":{"start":{"line":10,"column":21},"end":{"line":14,"column":5}},"line":10},"3":{"name":"(anonymous_3)","decl":{"start":{"line":13,"column":38},"end":{"line":13,"column":39}},"loc":{"start":{"line":13,"column":53},"end":{"line":13,"column":72}},"line":13}},"branchMap":{},"s":{"0":2,"1":1,"2":0,"3":0,"4":0},"f":{"0":2,"1":1,"2":0,"3":0},"b":{},"_coverageSchema":"1a1c01bbd47fc00a2c39e90264f33305004495a9","hash":"041407cd286f2c4d1df950aa0f5cbabe30640b74"}
}
