TN:
SF:src/app/Message.js
FN:1,(anonymous_0)
FNF:1
FNH:1
FNDA:1,(anonymous_0)
DA:1,1
LF:1
LH:1
BRF:0
BRH:0
end_of_record
TN:
SF:src/app/calculator.js
FN:2,(anonymous_0)
FN:5,(anonymous_1)
FN:14,(anonymous_2)
FNF:3
FNH:3
FNDA:2,(anonymous_0)
FNDA:8,(anonymous_1)
FNDA:2,(anonymous_2)
DA:2,1
DA:3,2
DA:5,2
DA:6,8
DA:7,6
DA:11,2
DA:14,1
DA:15,2
DA:16,1
DA:19,1
LF:10
LH:10
BRDA:6,0,0,6
BRDA:6,0,1,2
BRDA:15,1,0,1
BRDA:15,1,1,1
BRF:4
BRH:4
end_of_record
TN:
SF:src/app/shoppingbasket.js
FN:2,(anonymous_0)
FN:6,(anonymous_1)
FN:10,(anonymous_2)
FN:13,(anonymous_3)
FNF:4
FNH:2
FNDA:2,(anonymous_0)
FNDA:1,(anonymous_1)
FNDA:0,(anonymous_2)
FNDA:0,(anonymous_3)
DA:3,2
DA:7,1
DA:11,0
DA:13,0
LF:4
LH:2
BRF:0
BRH:0
end_of_record
